<?xml version="1.0" encoding="UTF-8"?>
<testsuite name="com.myProject.springboot.web.PostsApiControllerTest" tests="3" skipped="0" failures="0" errors="0" timestamp="2022-04-28T12:56:43" hostname="SJY4-PC" time="0.38">
  <properties/>
  <testcase name="BaseTimeEntity_등록()" classname="com.myProject.springboot.web.PostsApiControllerTest" time="0.181"/>
  <testcase name="Posts_등록된다()" classname="com.myProject.springboot.web.PostsApiControllerTest" time="0.103"/>
  <testcase name="Posts_수정된다()" classname="com.myProject.springboot.web.PostsApiControllerTest" time="0.092"/>
  <system-out><![CDATA[2022-04-28 21:56:43.276  INFO 10564 --- [    Test worker] .b.t.c.SpringBootTestContextBootstrapper : Neither @ContextConfiguration nor @ContextHierarchy found for test class [com.myProject.springboot.web.PostsApiControllerTest], using SpringBootContextLoader
2022-04-28 21:56:43.277  INFO 10564 --- [    Test worker] o.s.t.c.support.AbstractContextLoader    : Could not detect default resource locations for test class [com.myProject.springboot.web.PostsApiControllerTest]: no resource found for suffixes {-context.xml, Context.groovy}.
2022-04-28 21:56:43.277  INFO 10564 --- [    Test worker] t.c.s.AnnotationConfigContextLoaderUtils : Could not detect default configuration classes for test class [com.myProject.springboot.web.PostsApiControllerTest]: PostsApiControllerTest does not declare any static, non-private, non-final, nested classes annotated with @Configuration.
2022-04-28 21:56:43.281  INFO 10564 --- [    Test worker] .b.t.c.SpringBootTestContextBootstrapper : Found @SpringBootConfiguration com.myProject.springboot.web.Application for test class com.myProject.springboot.web.PostsApiControllerTest
2022-04-28 21:56:43.284  INFO 10564 --- [    Test worker] .b.t.c.SpringBootTestContextBootstrapper : Loaded default TestExecutionListener class names from location [META-INF/spring.factories]: [org.springframework.security.test.context.support.WithSecurityContextTestExecutionListener, org.springframework.security.test.context.support.ReactorContextTestExecutionListener, org.springframework.boot.test.autoconfigure.restdocs.RestDocsTestExecutionListener, org.springframework.boot.test.autoconfigure.web.client.MockRestServiceServerResetTestExecutionListener, org.springframework.boot.test.autoconfigure.web.servlet.MockMvcPrintOnlyOnFailureTestExecutionListener, org.springframework.boot.test.autoconfigure.web.servlet.WebDriverTestExecutionListener, org.springframework.boot.test.autoconfigure.webservices.client.MockWebServiceServerTestExecutionListener, org.springframework.boot.test.mock.mockito.MockitoTestExecutionListener, org.springframework.boot.test.mock.mockito.ResetMocksTestExecutionListener, org.springframework.test.context.web.ServletTestExecutionListener, org.springframework.test.context.support.DirtiesContextBeforeModesTestExecutionListener, org.springframework.test.context.support.DependencyInjectionTestExecutionListener, org.springframework.test.context.support.DirtiesContextTestExecutionListener, org.springframework.test.context.transaction.TransactionalTestExecutionListener, org.springframework.test.context.jdbc.SqlScriptsTestExecutionListener, org.springframework.test.context.event.EventPublishingTestExecutionListener]
2022-04-28 21:56:43.285  INFO 10564 --- [    Test worker] .b.t.c.SpringBootTestContextBootstrapper : Using TestExecutionListeners: [org.springframework.test.context.web.ServletTestExecutionListener@5a847da7, org.springframework.test.context.support.DirtiesContextBeforeModesTestExecutionListener@1e2b7dbf, org.springframework.boot.test.mock.mockito.MockitoTestExecutionListener@10bc25a7, org.springframework.boot.test.autoconfigure.SpringBootDependencyInjectionTestExecutionListener@39d3a19f, org.springframework.test.context.support.DirtiesContextTestExecutionListener@40c38a47, org.springframework.test.context.transaction.TransactionalTestExecutionListener@5c0c165, org.springframework.test.context.jdbc.SqlScriptsTestExecutionListener@74a05d67, org.springframework.security.test.context.support.WithSecurityContextTestExecutionListener@50dbd535, org.springframework.test.context.event.EventPublishingTestExecutionListener@c16ecdb, org.springframework.security.test.context.support.ReactorContextTestExecutionListener@f5edfd5, org.springframework.boot.test.autoconfigure.restdocs.RestDocsTestExecutionListener@7963f03c, org.springframework.boot.test.autoconfigure.web.client.MockRestServiceServerResetTestExecutionListener@771ff058, org.springframework.boot.test.autoconfigure.web.servlet.MockMvcPrintOnlyOnFailureTestExecutionListener@4c54ba54, org.springframework.boot.test.autoconfigure.web.servlet.WebDriverTestExecutionListener@350d647c, org.springframework.boot.test.autoconfigure.webservices.client.MockWebServiceServerTestExecutionListener@538980f1, org.springframework.boot.test.mock.mockito.ResetMocksTestExecutionListener@5b9c37e8]
2022-04-28 21:56:43.300  INFO 10564 --- [    Test worker] o.a.c.c.C.[Tomcat].[localhost].[/]       : Initializing Spring TestDispatcherServlet ''
2022-04-28 21:56:43.301  INFO 10564 --- [    Test worker] o.s.t.web.servlet.TestDispatcherServlet  : Initializing Servlet ''
2022-04-28 21:56:43.302  INFO 10564 --- [    Test worker] o.s.t.web.servlet.TestDispatcherServlet  : Completed initialization in 1 ms
Hibernate: insert into posts (created_date, modified_date, author, content, title) values (?, ?, ?, ?, ?)
Hibernate: select posts0_.id as id1_0_, posts0_.created_date as created_2_0_, posts0_.modified_date as modified3_0_, posts0_.author as author4_0_, posts0_.content as content5_0_, posts0_.title as title6_0_ from posts posts0_
>>>>>> createDate=2022-04-28T21:56:43.310, modifiedDate=2022-04-28T21:56:43.310
Hibernate: select posts0_.id as id1_0_, posts0_.created_date as created_2_0_, posts0_.modified_date as modified3_0_, posts0_.author as author4_0_, posts0_.content as content5_0_, posts0_.title as title6_0_ from posts posts0_
Hibernate: delete from posts where id=?
2022-04-28 21:56:43.486  INFO 10564 --- [    Test worker] o.a.c.c.C.[Tomcat].[localhost].[/]       : Initializing Spring TestDispatcherServlet ''
2022-04-28 21:56:43.486  INFO 10564 --- [    Test worker] o.s.t.web.servlet.TestDispatcherServlet  : Initializing Servlet ''
2022-04-28 21:56:43.488  INFO 10564 --- [    Test worker] o.s.t.web.servlet.TestDispatcherServlet  : Completed initialization in 2 ms
Hibernate: insert into posts (created_date, modified_date, author, content, title) values (?, ?, ?, ?, ?)
Hibernate: select posts0_.id as id1_0_, posts0_.created_date as created_2_0_, posts0_.modified_date as modified3_0_, posts0_.author as author4_0_, posts0_.content as content5_0_, posts0_.title as title6_0_ from posts posts0_
Hibernate: select posts0_.id as id1_0_, posts0_.created_date as created_2_0_, posts0_.modified_date as modified3_0_, posts0_.author as author4_0_, posts0_.content as content5_0_, posts0_.title as title6_0_ from posts posts0_
Hibernate: delete from posts where id=?
2022-04-28 21:56:43.583  INFO 10564 --- [    Test worker] o.a.c.c.C.[Tomcat].[localhost].[/]       : Initializing Spring TestDispatcherServlet ''
2022-04-28 21:56:43.584  INFO 10564 --- [    Test worker] o.s.t.web.servlet.TestDispatcherServlet  : Initializing Servlet ''
2022-04-28 21:56:43.586  INFO 10564 --- [    Test worker] o.s.t.web.servlet.TestDispatcherServlet  : Completed initialization in 1 ms
Hibernate: insert into posts (created_date, modified_date, author, content, title) values (?, ?, ?, ?, ?)
Hibernate: select posts0_.id as id1_0_0_, posts0_.created_date as created_2_0_0_, posts0_.modified_date as modified3_0_0_, posts0_.author as author4_0_0_, posts0_.content as content5_0_0_, posts0_.title as title6_0_0_ from posts posts0_ where posts0_.id=?
Hibernate: update posts set created_date=?, modified_date=?, author=?, content=?, title=? where id=?
Hibernate: select posts0_.id as id1_0_, posts0_.created_date as created_2_0_, posts0_.modified_date as modified3_0_, posts0_.author as author4_0_, posts0_.content as content5_0_, posts0_.title as title6_0_ from posts posts0_
Hibernate: select posts0_.id as id1_0_, posts0_.created_date as created_2_0_, posts0_.modified_date as modified3_0_, posts0_.author as author4_0_, posts0_.content as content5_0_, posts0_.title as title6_0_ from posts posts0_
Hibernate: delete from posts where id=?
]]></system-out>
  <system-err><![CDATA[]]></system-err>
</testsuite>
