<?xml version="1.0" encoding="UTF-8"?>
<testsuite name="com.myProject.springboot.web.HelloControllerTest" tests="2" skipped="0" failures="0" errors="0" timestamp="2022-04-25T10:20:31" hostname="sjy4-PC" time="0.345">
  <properties/>
  <testcase name="hello가_리턴된다" classname="com.myProject.springboot.web.HelloControllerTest" time="0.142"/>
  <testcase name="helloDto가_리턴된다" classname="com.myProject.springboot.web.HelloControllerTest" time="0.201"/>
  <system-out><![CDATA[2022-04-25 19:20:29.602  INFO 37132 --- [    Test worker] .b.t.a.w.s.WebMvcTestContextBootstrapper : Neither @ContextConfiguration nor @ContextHierarchy found for test class [com.myProject.springboot.web.HelloControllerTest], using SpringBootContextLoader
2022-04-25 19:20:29.604  INFO 37132 --- [    Test worker] o.s.t.c.support.AbstractContextLoader    : Could not detect default resource locations for test class [com.myProject.springboot.web.HelloControllerTest]: no resource found for suffixes {-context.xml, Context.groovy}.
2022-04-25 19:20:29.607  INFO 37132 --- [    Test worker] t.c.s.AnnotationConfigContextLoaderUtils : Could not detect default configuration classes for test class [com.myProject.springboot.web.HelloControllerTest]: HelloControllerTest does not declare any static, non-private, non-final, nested classes annotated with @Configuration.
2022-04-25 19:20:29.658  INFO 37132 --- [    Test worker] .b.t.c.SpringBootTestContextBootstrapper : Found @SpringBootConfiguration com.myProject.springboot.web.Application for test class com.myProject.springboot.web.HelloControllerTest
2022-04-25 19:20:29.663  INFO 37132 --- [    Test worker] .b.t.a.w.s.WebMvcTestContextBootstrapper : Loaded default TestExecutionListener class names from location [META-INF/spring.factories]: [org.springframework.security.test.context.support.WithSecurityContextTestExecutionListener, org.springframework.security.test.context.support.ReactorContextTestExecutionListener, org.springframework.boot.test.autoconfigure.restdocs.RestDocsTestExecutionListener, org.springframework.boot.test.autoconfigure.web.client.MockRestServiceServerResetTestExecutionListener, org.springframework.boot.test.autoconfigure.web.servlet.MockMvcPrintOnlyOnFailureTestExecutionListener, org.springframework.boot.test.autoconfigure.web.servlet.WebDriverTestExecutionListener, org.springframework.boot.test.mock.mockito.MockitoTestExecutionListener, org.springframework.boot.test.mock.mockito.ResetMocksTestExecutionListener, org.springframework.test.context.web.ServletTestExecutionListener, org.springframework.test.context.support.DirtiesContextBeforeModesTestExecutionListener, org.springframework.test.context.support.DependencyInjectionTestExecutionListener, org.springframework.test.context.support.DirtiesContextTestExecutionListener, org.springframework.test.context.transaction.TransactionalTestExecutionListener, org.springframework.test.context.jdbc.SqlScriptsTestExecutionListener]
2022-04-25 19:20:29.665  INFO 37132 --- [    Test worker] .b.t.a.w.s.WebMvcTestContextBootstrapper : Using TestExecutionListeners: [org.springframework.test.context.web.ServletTestExecutionListener@5d12ae8b, org.springframework.test.context.support.DirtiesContextBeforeModesTestExecutionListener@43ae56bf, org.springframework.boot.test.mock.mockito.MockitoTestExecutionListener@497ffedd, org.springframework.boot.test.autoconfigure.SpringBootDependencyInjectionTestExecutionListener@493de94d, org.springframework.test.context.support.DirtiesContextTestExecutionListener@1137017, org.springframework.test.context.transaction.TransactionalTestExecutionListener@30b9c524, org.springframework.test.context.jdbc.SqlScriptsTestExecutionListener@6064cf8, org.springframework.security.test.context.support.WithSecurityContextTestExecutionListener@20d7aaf4, org.springframework.security.test.context.support.ReactorContextTestExecutionListener@3adef531, org.springframework.boot.test.autoconfigure.restdocs.RestDocsTestExecutionListener@443097ab, org.springframework.boot.test.autoconfigure.web.client.MockRestServiceServerResetTestExecutionListener@70e56259, org.springframework.boot.test.autoconfigure.web.servlet.MockMvcPrintOnlyOnFailureTestExecutionListener@6df8e6bb, org.springframework.boot.test.autoconfigure.web.servlet.WebDriverTestExecutionListener@20c2f148, org.springframework.boot.test.mock.mockito.ResetMocksTestExecutionListener@600fa734]

  .   ____          _            __ _ _
 /\\ / ___'_ __ _ _(_)_ __  __ _ \ \ \ \
( ( )\___ | '_ | '_| | '_ \/ _` | \ \ \ \
 \\/  ___)| |_)| | | | | || (_| |  ) ) ) )
  '  |____| .__|_| |_|_| |_\__, | / / / /
 =========|_|==============|___/=/_/_/_/
 :: Spring Boot ::        (v2.1.7.RELEASE)

2022-04-25 19:20:29.768  INFO 37132 --- [    Test worker] c.m.springboot.web.HelloControllerTest   : Starting HelloControllerTest on sjy4-PC with PID 37132 (started by sjy4 in D:\newProject)
2022-04-25 19:20:29.774  INFO 37132 --- [    Test worker] c.m.springboot.web.HelloControllerTest   : No active profile set, falling back to default profiles: default
2022-04-25 19:20:30.694  INFO 37132 --- [    Test worker] o.s.s.concurrent.ThreadPoolTaskExecutor  : Initializing ExecutorService 'applicationTaskExecutor'
2022-04-25 19:20:30.753  INFO 37132 --- [    Test worker] o.s.b.a.w.s.WelcomePageHandlerMapping    : Adding welcome page template: index
2022-04-25 19:20:31.172  INFO 37132 --- [    Test worker] .s.s.UserDetailsServiceAutoConfiguration : 

Using generated security password: 6fd1cff5-a3e6-4909-bc81-8ad30f7fb13d

2022-04-25 19:20:31.452  INFO 37132 --- [    Test worker] o.s.s.web.DefaultSecurityFilterChain     : Creating filter chain: any request, [org.springframework.security.web.context.request.async.WebAsyncManagerIntegrationFilter@2e496105, org.springframework.security.web.context.SecurityContextPersistenceFilter@66802be8, org.springframework.security.web.header.HeaderWriterFilter@6202b3b2, org.springframework.security.web.csrf.CsrfFilter@3cc4653f, org.springframework.security.web.authentication.logout.LogoutFilter@1d1338f2, org.springframework.security.web.authentication.UsernamePasswordAuthenticationFilter@15bbfd46, org.springframework.security.web.authentication.ui.DefaultLoginPageGeneratingFilter@48d1a950, org.springframework.security.web.authentication.ui.DefaultLogoutPageGeneratingFilter@2d2a22e6, org.springframework.security.web.authentication.www.BasicAuthenticationFilter@4bcbcaad, org.springframework.security.web.savedrequest.RequestCacheAwareFilter@44c85e23, org.springframework.security.web.servletapi.SecurityContextHolderAwareRequestFilter@33a0ea2b, org.springframework.security.web.authentication.AnonymousAuthenticationFilter@38a11b4c, org.springframework.security.web.session.SessionManagementFilter@7df0df50, org.springframework.security.web.access.ExceptionTranslationFilter@30f25308, org.springframework.security.web.access.intercept.FilterSecurityInterceptor@210bbc8f]
2022-04-25 19:20:31.519  INFO 37132 --- [    Test worker] o.s.b.t.m.w.SpringBootMockServletContext : Initializing Spring TestDispatcherServlet ''
2022-04-25 19:20:31.520  INFO 37132 --- [    Test worker] o.s.t.web.servlet.TestDispatcherServlet  : Initializing Servlet ''
2022-04-25 19:20:31.548  INFO 37132 --- [    Test worker] o.s.t.web.servlet.TestDispatcherServlet  : Completed initialization in 27 ms
2022-04-25 19:20:31.610  INFO 37132 --- [    Test worker] c.m.springboot.web.HelloControllerTest   : Started HelloControllerTest in 1.929 seconds (JVM running for 17.635)
]]></system-out>
  <system-err><![CDATA[]]></system-err>
</testsuite>
