<?xml version="1.0" encoding="UTF-8"?>
<testsuite name="com.myProject.springboot.web.HelloControllerTest" tests="2" skipped="0" failures="0" errors="0" timestamp="2022-04-26T12:55:23" hostname="SJY4-PC" time="0.442">
  <properties/>
  <testcase name="hello가_리턴된다()" classname="com.myProject.springboot.web.HelloControllerTest" time="0.204"/>
  <testcase name="helloDto가_리턴된다()" classname="com.myProject.springboot.web.HelloControllerTest" time="0.235"/>
  <system-out><![CDATA[2022-04-26 21:55:21.054  INFO 9084 --- [    Test worker] .b.t.a.w.s.WebMvcTestContextBootstrapper : Neither @ContextConfiguration nor @ContextHierarchy found for test class [com.myProject.springboot.web.HelloControllerTest], using SpringBootContextLoader
2022-04-26 21:55:21.057  INFO 9084 --- [    Test worker] o.s.t.c.support.AbstractContextLoader    : Could not detect default resource locations for test class [com.myProject.springboot.web.HelloControllerTest]: no resource found for suffixes {-context.xml, Context.groovy}.
2022-04-26 21:55:21.058  INFO 9084 --- [    Test worker] t.c.s.AnnotationConfigContextLoaderUtils : Could not detect default configuration classes for test class [com.myProject.springboot.web.HelloControllerTest]: HelloControllerTest does not declare any static, non-private, non-final, nested classes annotated with @Configuration.
2022-04-26 21:55:21.148  INFO 9084 --- [    Test worker] .b.t.c.SpringBootTestContextBootstrapper : Found @SpringBootConfiguration com.myProject.springboot.web.Application for test class com.myProject.springboot.web.HelloControllerTest
2022-04-26 21:55:21.151  INFO 9084 --- [    Test worker] .b.t.a.w.s.WebMvcTestContextBootstrapper : Loaded default TestExecutionListener class names from location [META-INF/spring.factories]: [org.springframework.security.test.context.support.WithSecurityContextTestExecutionListener, org.springframework.security.test.context.support.ReactorContextTestExecutionListener, org.springframework.boot.test.autoconfigure.restdocs.RestDocsTestExecutionListener, org.springframework.boot.test.autoconfigure.web.client.MockRestServiceServerResetTestExecutionListener, org.springframework.boot.test.autoconfigure.web.servlet.MockMvcPrintOnlyOnFailureTestExecutionListener, org.springframework.boot.test.autoconfigure.web.servlet.WebDriverTestExecutionListener, org.springframework.boot.test.autoconfigure.webservices.client.MockWebServiceServerTestExecutionListener, org.springframework.boot.test.mock.mockito.MockitoTestExecutionListener, org.springframework.boot.test.mock.mockito.ResetMocksTestExecutionListener, org.springframework.test.context.web.ServletTestExecutionListener, org.springframework.test.context.support.DirtiesContextBeforeModesTestExecutionListener, org.springframework.test.context.support.DependencyInjectionTestExecutionListener, org.springframework.test.context.support.DirtiesContextTestExecutionListener, org.springframework.test.context.transaction.TransactionalTestExecutionListener, org.springframework.test.context.jdbc.SqlScriptsTestExecutionListener, org.springframework.test.context.event.EventPublishingTestExecutionListener]
2022-04-26 21:55:21.153  INFO 9084 --- [    Test worker] .b.t.a.w.s.WebMvcTestContextBootstrapper : Using TestExecutionListeners: [org.springframework.test.context.web.ServletTestExecutionListener@67a64c8, org.springframework.test.context.support.DirtiesContextBeforeModesTestExecutionListener@245d1105, org.springframework.boot.test.mock.mockito.MockitoTestExecutionListener@528a5a19, org.springframework.boot.test.autoconfigure.SpringBootDependencyInjectionTestExecutionListener@62b9acc7, org.springframework.test.context.support.DirtiesContextTestExecutionListener@3730c87c, org.springframework.test.context.transaction.TransactionalTestExecutionListener@7ba922a6, org.springframework.test.context.jdbc.SqlScriptsTestExecutionListener@7bf3e558, org.springframework.security.test.context.support.WithSecurityContextTestExecutionListener@5403a175, org.springframework.test.context.event.EventPublishingTestExecutionListener@65c1f0a1, org.springframework.security.test.context.support.ReactorContextTestExecutionListener@574f42ad, org.springframework.boot.test.autoconfigure.restdocs.RestDocsTestExecutionListener@3372a439, org.springframework.boot.test.autoconfigure.web.client.MockRestServiceServerResetTestExecutionListener@7a33a32b, org.springframework.boot.test.autoconfigure.web.servlet.MockMvcPrintOnlyOnFailureTestExecutionListener@109d1034, org.springframework.boot.test.autoconfigure.web.servlet.WebDriverTestExecutionListener@3d6a72a0, org.springframework.boot.test.autoconfigure.webservices.client.MockWebServiceServerTestExecutionListener@1b9f4a58, org.springframework.boot.test.mock.mockito.ResetMocksTestExecutionListener@7c5288fb]

  .   ____          _            __ _ _
 /\\ / ___'_ __ _ _(_)_ __  __ _ \ \ \ \
( ( )\___ | '_ | '_| | '_ \/ _` | \ \ \ \
 \\/  ___)| |_)| | | | | || (_| |  ) ) ) )
  '  |____| .__|_| |_|_| |_\__, | / / / /
 =========|_|==============|___/=/_/_/_/
 :: Spring Boot ::                (v2.4.1)

2022-04-26 21:55:21.239  INFO 9084 --- [    Test worker] c.m.springboot.web.HelloControllerTest   : Starting HelloControllerTest using Java 1.8.0_144 on sjy4-PC with PID 9084 (started by sjy4 in D:\newProject)
2022-04-26 21:55:21.241  INFO 9084 --- [    Test worker] c.m.springboot.web.HelloControllerTest   : No active profile set, falling back to default profiles: default
2022-04-26 21:55:22.077  INFO 9084 --- [    Test worker] o.s.s.concurrent.ThreadPoolTaskExecutor  : Initializing ExecutorService 'applicationTaskExecutor'
2022-04-26 21:55:22.173  INFO 9084 --- [    Test worker] o.s.b.a.w.s.WelcomePageHandlerMapping    : Adding welcome page template: index
2022-04-26 21:55:22.948  INFO 9084 --- [    Test worker] o.s.s.web.DefaultSecurityFilterChain     : Will secure any request with [org.springframework.security.web.context.request.async.WebAsyncManagerIntegrationFilter@7bcc01b7, org.springframework.security.web.context.SecurityContextPersistenceFilter@4afc33fa, org.springframework.security.web.header.HeaderWriterFilter@40e00255, org.springframework.security.web.csrf.CsrfFilter@674a0c47, org.springframework.security.web.authentication.logout.LogoutFilter@41171412, org.springframework.security.oauth2.client.web.OAuth2AuthorizationRequestRedirectFilter@550b36af, org.springframework.security.oauth2.client.web.OAuth2AuthorizationRequestRedirectFilter@24f396ec, org.springframework.security.oauth2.client.web.OAuth2LoginAuthenticationFilter@62da8c5b, org.springframework.security.web.authentication.ui.DefaultLoginPageGeneratingFilter@2f2c38c, org.springframework.security.web.authentication.ui.DefaultLogoutPageGeneratingFilter@19bd2671, org.springframework.security.web.savedrequest.RequestCacheAwareFilter@25acd145, org.springframework.security.web.servletapi.SecurityContextHolderAwareRequestFilter@651e9d0f, org.springframework.security.web.authentication.AnonymousAuthenticationFilter@4d71fece, org.springframework.security.oauth2.client.web.OAuth2AuthorizationCodeGrantFilter@60c68bdb, org.springframework.security.web.session.SessionManagementFilter@777f163a, org.springframework.security.web.access.ExceptionTranslationFilter@381af4b4, org.springframework.security.web.access.intercept.FilterSecurityInterceptor@68222f93]
2022-04-26 21:55:23.237  INFO 9084 --- [    Test worker] o.s.b.t.m.w.SpringBootMockServletContext : Initializing Spring TestDispatcherServlet ''
2022-04-26 21:55:23.238  INFO 9084 --- [    Test worker] o.s.t.web.servlet.TestDispatcherServlet  : Initializing Servlet ''
2022-04-26 21:55:23.240  INFO 9084 --- [    Test worker] o.s.t.web.servlet.TestDispatcherServlet  : Completed initialization in 2 ms
2022-04-26 21:55:23.272  INFO 9084 --- [    Test worker] c.m.springboot.web.HelloControllerTest   : Started HelloControllerTest in 2.109 seconds (JVM running for 22.092)
]]></system-out>
  <system-err><![CDATA[]]></system-err>
</testsuite>
