<?xml version="1.0" encoding="UTF-8"?>
<testsuite name="com.myProject.springboot.web.domain.posts.PostsRepositoryTest" tests="1" skipped="0" failures="0" errors="0" timestamp="2022-04-25T10:20:28" hostname="sjy4-PC" time="0.582">
  <properties/>
  <testcase name="게시글저장_불러오기" classname="com.myProject.springboot.web.domain.posts.PostsRepositoryTest" time="0.582"/>
  <system-out><![CDATA[19:20:15.885 [Test worker] DEBUG org.springframework.test.context.junit4.SpringJUnit4ClassRunner - SpringJUnit4ClassRunner constructor called with [class com.myProject.springboot.web.domain.posts.PostsRepositoryTest]
19:20:15.946 [Test worker] DEBUG org.springframework.test.context.BootstrapUtils - Instantiating CacheAwareContextLoaderDelegate from class [org.springframework.test.context.cache.DefaultCacheAwareContextLoaderDelegate]
19:20:15.963 [Test worker] DEBUG org.springframework.test.context.BootstrapUtils - Instantiating BootstrapContext using constructor [public org.springframework.test.context.support.DefaultBootstrapContext(java.lang.Class,org.springframework.test.context.CacheAwareContextLoaderDelegate)]
19:20:16.006 [Test worker] DEBUG org.springframework.test.context.BootstrapUtils - Instantiating TestContextBootstrapper for test class [com.myProject.springboot.web.domain.posts.PostsRepositoryTest] from class [org.springframework.boot.test.context.SpringBootTestContextBootstrapper]
19:20:16.033 [Test worker] INFO org.springframework.boot.test.context.SpringBootTestContextBootstrapper - Neither @ContextConfiguration nor @ContextHierarchy found for test class [com.myProject.springboot.web.domain.posts.PostsRepositoryTest], using SpringBootContextLoader
19:20:16.039 [Test worker] DEBUG org.springframework.test.context.support.AbstractContextLoader - Did not detect default resource location for test class [com.myProject.springboot.web.domain.posts.PostsRepositoryTest]: class path resource [com/myProject/springboot/web/domain/posts/PostsRepositoryTest-context.xml] does not exist
19:20:16.039 [Test worker] DEBUG org.springframework.test.context.support.AbstractContextLoader - Did not detect default resource location for test class [com.myProject.springboot.web.domain.posts.PostsRepositoryTest]: class path resource [com/myProject/springboot/web/domain/posts/PostsRepositoryTestContext.groovy] does not exist
19:20:16.040 [Test worker] INFO org.springframework.test.context.support.AbstractContextLoader - Could not detect default resource locations for test class [com.myProject.springboot.web.domain.posts.PostsRepositoryTest]: no resource found for suffixes {-context.xml, Context.groovy}.
19:20:16.041 [Test worker] INFO org.springframework.test.context.support.AnnotationConfigContextLoaderUtils - Could not detect default configuration classes for test class [com.myProject.springboot.web.domain.posts.PostsRepositoryTest]: PostsRepositoryTest does not declare any static, non-private, non-final, nested classes annotated with @Configuration.
19:20:16.120 [Test worker] DEBUG org.springframework.test.context.support.ActiveProfilesUtils - Could not find an 'annotation declaring class' for annotation type [org.springframework.test.context.ActiveProfiles] and class [com.myProject.springboot.web.domain.posts.PostsRepositoryTest]
19:20:16.263 [Test worker] DEBUG org.springframework.context.annotation.ClassPathScanningCandidateComponentProvider - Identified candidate component class: file [D:\newProject\build\classes\java\main\com\myProject\springboot\web\Application.class]
19:20:16.265 [Test worker] INFO org.springframework.boot.test.context.SpringBootTestContextBootstrapper - Found @SpringBootConfiguration com.myProject.springboot.web.Application for test class com.myProject.springboot.web.domain.posts.PostsRepositoryTest
19:20:16.433 [Test worker] DEBUG org.springframework.boot.test.context.SpringBootTestContextBootstrapper - @TestExecutionListeners is not present for class [com.myProject.springboot.web.domain.posts.PostsRepositoryTest]: using defaults.
19:20:16.435 [Test worker] INFO org.springframework.boot.test.context.SpringBootTestContextBootstrapper - Loaded default TestExecutionListener class names from location [META-INF/spring.factories]: [org.springframework.security.test.context.support.WithSecurityContextTestExecutionListener, org.springframework.security.test.context.support.ReactorContextTestExecutionListener, org.springframework.boot.test.autoconfigure.restdocs.RestDocsTestExecutionListener, org.springframework.boot.test.autoconfigure.web.client.MockRestServiceServerResetTestExecutionListener, org.springframework.boot.test.autoconfigure.web.servlet.MockMvcPrintOnlyOnFailureTestExecutionListener, org.springframework.boot.test.autoconfigure.web.servlet.WebDriverTestExecutionListener, org.springframework.boot.test.mock.mockito.MockitoTestExecutionListener, org.springframework.boot.test.mock.mockito.ResetMocksTestExecutionListener, org.springframework.test.context.web.ServletTestExecutionListener, org.springframework.test.context.support.DirtiesContextBeforeModesTestExecutionListener, org.springframework.test.context.support.DependencyInjectionTestExecutionListener, org.springframework.test.context.support.DirtiesContextTestExecutionListener, org.springframework.test.context.transaction.TransactionalTestExecutionListener, org.springframework.test.context.jdbc.SqlScriptsTestExecutionListener]
19:20:16.476 [Test worker] INFO org.springframework.boot.test.context.SpringBootTestContextBootstrapper - Using TestExecutionListeners: [org.springframework.test.context.web.ServletTestExecutionListener@3b3c05d5, org.springframework.test.context.support.DirtiesContextBeforeModesTestExecutionListener@57d56f9b, org.springframework.boot.test.mock.mockito.MockitoTestExecutionListener@6f7c6fe3, org.springframework.boot.test.autoconfigure.SpringBootDependencyInjectionTestExecutionListener@18c79ff9, org.springframework.test.context.support.DirtiesContextTestExecutionListener@438e3399, org.springframework.test.context.transaction.TransactionalTestExecutionListener@3fdb35c4, org.springframework.test.context.jdbc.SqlScriptsTestExecutionListener@335446ab, org.springframework.security.test.context.support.WithSecurityContextTestExecutionListener@17c83f6f, org.springframework.security.test.context.support.ReactorContextTestExecutionListener@2568d4f4, org.springframework.boot.test.autoconfigure.restdocs.RestDocsTestExecutionListener@43fba088, org.springframework.boot.test.autoconfigure.web.client.MockRestServiceServerResetTestExecutionListener@528bd742, org.springframework.boot.test.autoconfigure.web.servlet.MockMvcPrintOnlyOnFailureTestExecutionListener@4eea93b, org.springframework.boot.test.autoconfigure.web.servlet.WebDriverTestExecutionListener@67c21226, org.springframework.boot.test.mock.mockito.ResetMocksTestExecutionListener@79a311b6]
19:20:16.487 [Test worker] DEBUG org.springframework.test.annotation.ProfileValueUtils - Retrieved @ProfileValueSourceConfiguration [null] for test class [com.myProject.springboot.web.domain.posts.PostsRepositoryTest]
19:20:16.489 [Test worker] DEBUG org.springframework.test.annotation.ProfileValueUtils - Retrieved ProfileValueSource type [class org.springframework.test.annotation.SystemProfileValueSource] for class [com.myProject.springboot.web.domain.posts.PostsRepositoryTest]
19:20:16.492 [Test worker] DEBUG org.springframework.test.annotation.ProfileValueUtils - Retrieved @ProfileValueSourceConfiguration [null] for test class [com.myProject.springboot.web.domain.posts.PostsRepositoryTest]
19:20:16.492 [Test worker] DEBUG org.springframework.test.annotation.ProfileValueUtils - Retrieved ProfileValueSource type [class org.springframework.test.annotation.SystemProfileValueSource] for class [com.myProject.springboot.web.domain.posts.PostsRepositoryTest]
19:20:16.501 [Test worker] DEBUG org.springframework.test.context.support.AbstractDirtiesContextTestExecutionListener - Before test class: context [DefaultTestContext@381af08d testClass = PostsRepositoryTest, testInstance = [null], testMethod = [null], testException = [null], mergedContextConfiguration = [WebMergedContextConfiguration@98c638c testClass = PostsRepositoryTest, locations = '{}', classes = '{class com.myProject.springboot.web.Application}', contextInitializerClasses = '[]', activeProfiles = '{}', propertySourceLocations = '{}', propertySourceProperties = '{org.springframework.boot.test.context.SpringBootTestContextBootstrapper=true}', contextCustomizers = set[org.springframework.boot.test.autoconfigure.properties.PropertyMappingContextCustomizer@0, org.springframework.boot.test.autoconfigure.web.servlet.WebDriverContextCustomizerFactory$Customizer@4a5361e1, org.springframework.boot.test.context.filter.ExcludeFilterContextCustomizer@6af6c4a0, org.springframework.boot.test.json.DuplicateJsonObjectContextCustomizerFactory$DuplicateJsonObjectContextCustomizer@14422b3b, org.springframework.boot.test.mock.mockito.MockitoContextCustomizer@0, org.springframework.boot.test.web.client.TestRestTemplateContextCustomizer@66b31428], resourceBasePath = 'src/main/webapp', contextLoader = 'org.springframework.boot.test.context.SpringBootContextLoader', parent = [null]], attributes = map['org.springframework.test.context.web.ServletTestExecutionListener.activateListener' -> true]], class annotated with @DirtiesContext [false] with mode [null].
19:20:16.502 [Test worker] DEBUG org.springframework.test.annotation.ProfileValueUtils - Retrieved @ProfileValueSourceConfiguration [null] for test class [com.myProject.springboot.web.domain.posts.PostsRepositoryTest]
19:20:16.503 [Test worker] DEBUG org.springframework.test.annotation.ProfileValueUtils - Retrieved ProfileValueSource type [class org.springframework.test.annotation.SystemProfileValueSource] for class [com.myProject.springboot.web.domain.posts.PostsRepositoryTest]
19:20:16.558 [Test worker] DEBUG org.springframework.test.context.support.TestPropertySourceUtils - Adding inlined properties to environment: {spring.jmx.enabled=false, org.springframework.boot.test.context.SpringBootTestContextBootstrapper=true, server.port=-1}

  .   ____          _            __ _ _
 /\\ / ___'_ __ _ _(_)_ __  __ _ \ \ \ \
( ( )\___ | '_ | '_| | '_ \/ _` | \ \ \ \
 \\/  ___)| |_)| | | | | || (_| |  ) ) ) )
  '  |____| .__|_| |_|_| |_\__, | / / / /
 =========|_|==============|___/=/_/_/_/
 :: Spring Boot ::        (v2.1.7.RELEASE)

2022-04-25 19:20:17.061  INFO 37132 --- [    Test worker] c.m.s.w.d.posts.PostsRepositoryTest      : Starting PostsRepositoryTest on sjy4-PC with PID 37132 (started by sjy4 in D:\newProject)
2022-04-25 19:20:17.063  INFO 37132 --- [    Test worker] c.m.s.w.d.posts.PostsRepositoryTest      : No active profile set, falling back to default profiles: default
2022-04-25 19:20:19.034  INFO 37132 --- [    Test worker] .s.d.r.c.RepositoryConfigurationDelegate : Bootstrapping Spring Data repositories in DEFAULT mode.
2022-04-25 19:20:19.201  INFO 37132 --- [    Test worker] .s.d.r.c.RepositoryConfigurationDelegate : Finished Spring Data repository scanning in 146ms. Found 2 repository interfaces.
2022-04-25 19:20:20.099  INFO 37132 --- [    Test worker] trationDelegate$BeanPostProcessorChecker : Bean 'org.springframework.transaction.annotation.ProxyTransactionManagementConfiguration' of type [org.springframework.transaction.annotation.ProxyTransactionManagementConfiguration$$EnhancerBySpringCGLIB$$fdd92898] is not eligible for getting processed by all BeanPostProcessors (for example: not eligible for auto-proxying)
2022-04-25 19:20:20.616  INFO 37132 --- [    Test worker] com.zaxxer.hikari.HikariDataSource       : HikariPool-1 - Starting...
2022-04-25 19:20:20.906  INFO 37132 --- [    Test worker] com.zaxxer.hikari.HikariDataSource       : HikariPool-1 - Start completed.
2022-04-25 19:20:21.068  INFO 37132 --- [    Test worker] o.hibernate.jpa.internal.util.LogHelper  : HHH000204: Processing PersistenceUnitInfo [
	name: default
	...]
2022-04-25 19:20:21.206  INFO 37132 --- [    Test worker] org.hibernate.Version                    : HHH000412: Hibernate Core {5.3.10.Final}
2022-04-25 19:20:21.208  INFO 37132 --- [    Test worker] org.hibernate.cfg.Environment            : HHH000206: hibernate.properties not found
2022-04-25 19:20:21.509  INFO 37132 --- [    Test worker] o.hibernate.annotations.common.Version   : HCANN000001: Hibernate Commons Annotations {5.0.4.Final}
2022-04-25 19:20:21.792  INFO 37132 --- [    Test worker] org.hibernate.dialect.Dialect            : HHH000400: Using dialect: org.hibernate.dialect.MySQL5InnoDBDialect
Hibernate: drop table if exists posts
Hibernate: drop table if exists user
Hibernate: create table posts (id bigint not null auto_increment, created_date datetime, modified_date datetime, author varchar(255), content TEXT not null, title varchar(500) not null, primary key (id)) engine=InnoDB
Hibernate: create table user (id bigint not null auto_increment, created_date datetime, modified_date datetime, email varchar(255) not null, name varchar(255) not null, picture varchar(255), role varchar(255) not null, primary key (id)) engine=InnoDB
2022-04-25 19:20:22.946  INFO 37132 --- [    Test worker] o.h.t.schema.internal.SchemaCreatorImpl  : HHH000476: Executing import script 'org.hibernate.tool.schema.internal.exec.ScriptSourceInputNonExistentImpl@28d47cb9'
2022-04-25 19:20:22.952  INFO 37132 --- [    Test worker] j.LocalContainerEntityManagerFactoryBean : Initialized JPA EntityManagerFactory for persistence unit 'default'
2022-04-25 19:20:24.260  INFO 37132 --- [    Test worker] o.h.h.i.QueryTranslatorFactoryInitiator  : HHH000397: Using ASTQueryTranslatorFactory
2022-04-25 19:20:25.610  INFO 37132 --- [    Test worker] o.s.s.web.DefaultSecurityFilterChain     : Creating filter chain: any request, [org.springframework.security.web.context.request.async.WebAsyncManagerIntegrationFilter@453e9ee6, org.springframework.security.web.context.SecurityContextPersistenceFilter@13268396, org.springframework.security.web.header.HeaderWriterFilter@686261aa, org.springframework.security.web.authentication.logout.LogoutFilter@2ea9eeb6, org.springframework.security.oauth2.client.web.OAuth2AuthorizationRequestRedirectFilter@2354f018, org.springframework.security.oauth2.client.web.OAuth2LoginAuthenticationFilter@200b9288, org.springframework.security.web.authentication.ui.DefaultLoginPageGeneratingFilter@11e7fb25, org.springframework.security.web.authentication.ui.DefaultLogoutPageGeneratingFilter@4679acea, org.springframework.security.web.savedrequest.RequestCacheAwareFilter@2905710e, org.springframework.security.web.servletapi.SecurityContextHolderAwareRequestFilter@6a25cd12, org.springframework.security.web.authentication.AnonymousAuthenticationFilter@7baf91fd, org.springframework.security.web.session.SessionManagementFilter@49a25a69, org.springframework.security.web.access.ExceptionTranslationFilter@2f83ca97, org.springframework.security.web.access.intercept.FilterSecurityInterceptor@4ccaa720]
2022-04-25 19:20:27.250  INFO 37132 --- [    Test worker] o.s.s.concurrent.ThreadPoolTaskExecutor  : Initializing ExecutorService 'applicationTaskExecutor'
2022-04-25 19:20:27.435  WARN 37132 --- [    Test worker] aWebConfiguration$JpaWebMvcConfiguration : spring.jpa.open-in-view is enabled by default. Therefore, database queries may be performed during view rendering. Explicitly configure spring.jpa.open-in-view to disable this warning
2022-04-25 19:20:27.577  INFO 37132 --- [    Test worker] o.s.b.a.w.s.WelcomePageHandlerMapping    : Adding welcome page template: index
2022-04-25 19:20:28.860  INFO 37132 --- [    Test worker] s.a.ScheduledAnnotationBeanPostProcessor : No TaskScheduler/ScheduledExecutorService bean found for scheduled processing
2022-04-25 19:20:28.916  INFO 37132 --- [    Test worker] c.m.s.w.d.posts.PostsRepositoryTest      : Started PostsRepositoryTest in 12.343 seconds (JVM running for 14.941)
Hibernate: insert into posts (created_date, modified_date, author, content, title) values (?, ?, ?, ?, ?)
Hibernate: select posts0_.id as id1_0_, posts0_.created_date as created_2_0_, posts0_.modified_date as modified3_0_, posts0_.author as author4_0_, posts0_.content as content5_0_, posts0_.title as title6_0_ from posts posts0_
Hibernate: select posts0_.id as id1_0_, posts0_.created_date as created_2_0_, posts0_.modified_date as modified3_0_, posts0_.author as author4_0_, posts0_.content as content5_0_, posts0_.title as title6_0_ from posts posts0_
Hibernate: delete from posts where id=?
]]></system-out>
  <system-err><![CDATA[]]></system-err>
</testsuite>
