<?xml version="1.0" encoding="UTF-8"?>
<testsuite name="com.myProject.springboot.web.HelloControllerTest" tests="2" skipped="0" failures="0" errors="0" timestamp="2022-04-28T14:49:24" hostname="SJY4-PC" time="0.423">
  <properties/>
  <testcase name="hello가_리턴된다()" classname="com.myProject.springboot.web.HelloControllerTest" time="0.168"/>
  <testcase name="helloDto가_리턴된다()" classname="com.myProject.springboot.web.HelloControllerTest" time="0.244"/>
  <system-out><![CDATA[2022-04-28 23:49:22.387  INFO 23608 --- [    Test worker] .b.t.a.w.s.WebMvcTestContextBootstrapper : Neither @ContextConfiguration nor @ContextHierarchy found for test class [com.myProject.springboot.web.HelloControllerTest], using SpringBootContextLoader
2022-04-28 23:49:22.389  INFO 23608 --- [    Test worker] o.s.t.c.support.AbstractContextLoader    : Could not detect default resource locations for test class [com.myProject.springboot.web.HelloControllerTest]: no resource found for suffixes {-context.xml, Context.groovy}.
2022-04-28 23:49:22.389  INFO 23608 --- [    Test worker] t.c.s.AnnotationConfigContextLoaderUtils : Could not detect default configuration classes for test class [com.myProject.springboot.web.HelloControllerTest]: HelloControllerTest does not declare any static, non-private, non-final, nested classes annotated with @Configuration.
2022-04-28 23:49:22.436  INFO 23608 --- [    Test worker] .b.t.c.SpringBootTestContextBootstrapper : Found @SpringBootConfiguration com.myProject.springboot.web.Application for test class com.myProject.springboot.web.HelloControllerTest
2022-04-28 23:49:22.449  INFO 23608 --- [    Test worker] .b.t.a.w.s.WebMvcTestContextBootstrapper : Loaded default TestExecutionListener class names from location [META-INF/spring.factories]: [org.springframework.security.test.context.support.WithSecurityContextTestExecutionListener, org.springframework.security.test.context.support.ReactorContextTestExecutionListener, org.springframework.boot.test.autoconfigure.restdocs.RestDocsTestExecutionListener, org.springframework.boot.test.autoconfigure.web.client.MockRestServiceServerResetTestExecutionListener, org.springframework.boot.test.autoconfigure.web.servlet.MockMvcPrintOnlyOnFailureTestExecutionListener, org.springframework.boot.test.autoconfigure.web.servlet.WebDriverTestExecutionListener, org.springframework.boot.test.autoconfigure.webservices.client.MockWebServiceServerTestExecutionListener, org.springframework.boot.test.mock.mockito.MockitoTestExecutionListener, org.springframework.boot.test.mock.mockito.ResetMocksTestExecutionListener, org.springframework.test.context.web.ServletTestExecutionListener, org.springframework.test.context.support.DirtiesContextBeforeModesTestExecutionListener, org.springframework.test.context.support.DependencyInjectionTestExecutionListener, org.springframework.test.context.support.DirtiesContextTestExecutionListener, org.springframework.test.context.transaction.TransactionalTestExecutionListener, org.springframework.test.context.jdbc.SqlScriptsTestExecutionListener, org.springframework.test.context.event.EventPublishingTestExecutionListener]
2022-04-28 23:49:22.452  INFO 23608 --- [    Test worker] .b.t.a.w.s.WebMvcTestContextBootstrapper : Using TestExecutionListeners: [org.springframework.test.context.web.ServletTestExecutionListener@11de7e39, org.springframework.test.context.support.DirtiesContextBeforeModesTestExecutionListener@18d907cd, org.springframework.boot.test.mock.mockito.MockitoTestExecutionListener@257c4752, org.springframework.boot.test.autoconfigure.SpringBootDependencyInjectionTestExecutionListener@7437c108, org.springframework.test.context.support.DirtiesContextTestExecutionListener@16fa4601, org.springframework.test.context.transaction.TransactionalTestExecutionListener@46cdcc7c, org.springframework.test.context.jdbc.SqlScriptsTestExecutionListener@14c4520, org.springframework.security.test.context.support.WithSecurityContextTestExecutionListener@4b39fb80, org.springframework.test.context.event.EventPublishingTestExecutionListener@f3776a8, org.springframework.security.test.context.support.ReactorContextTestExecutionListener@2731e51e, org.springframework.boot.test.autoconfigure.restdocs.RestDocsTestExecutionListener@4437c19d, org.springframework.boot.test.autoconfigure.web.client.MockRestServiceServerResetTestExecutionListener@4056d760, org.springframework.boot.test.autoconfigure.web.servlet.MockMvcPrintOnlyOnFailureTestExecutionListener@74e07bf4, org.springframework.boot.test.autoconfigure.web.servlet.WebDriverTestExecutionListener@5c516963, org.springframework.boot.test.autoconfigure.webservices.client.MockWebServiceServerTestExecutionListener@2690705d, org.springframework.boot.test.mock.mockito.ResetMocksTestExecutionListener@500b5e38]

  .   ____          _            __ _ _
 /\\ / ___'_ __ _ _(_)_ __  __ _ \ \ \ \
( ( )\___ | '_ | '_| | '_ \/ _` | \ \ \ \
 \\/  ___)| |_)| | | | | || (_| |  ) ) ) )
  '  |____| .__|_| |_|_| |_\__, | / / / /
 =========|_|==============|___/=/_/_/_/
 :: Spring Boot ::                (v2.4.1)

2022-04-28 23:49:22.575  INFO 23608 --- [    Test worker] c.m.springboot.web.HelloControllerTest   : Starting HelloControllerTest using Java 1.8.0_144 on sjy4-PC with PID 23608 (started by sjy4 in D:\newProject)
2022-04-28 23:49:22.579  INFO 23608 --- [    Test worker] c.m.springboot.web.HelloControllerTest   : No active profile set, falling back to default profiles: default
2022-04-28 23:49:23.369  INFO 23608 --- [    Test worker] o.s.s.concurrent.ThreadPoolTaskExecutor  : Initializing ExecutorService 'applicationTaskExecutor'
2022-04-28 23:49:23.445  INFO 23608 --- [    Test worker] o.s.b.a.w.s.WelcomePageHandlerMapping    : Adding welcome page template: index
2022-04-28 23:49:24.097  INFO 23608 --- [    Test worker] o.s.s.web.DefaultSecurityFilterChain     : Will secure any request with [org.springframework.security.web.context.request.async.WebAsyncManagerIntegrationFilter@13ffac58, org.springframework.security.web.context.SecurityContextPersistenceFilter@1bf44c74, org.springframework.security.web.header.HeaderWriterFilter@351d9161, org.springframework.security.web.csrf.CsrfFilter@2b95a1ec, org.springframework.security.web.authentication.logout.LogoutFilter@123a8bb6, org.springframework.security.oauth2.client.web.OAuth2AuthorizationRequestRedirectFilter@473f3175, org.springframework.security.oauth2.client.web.OAuth2AuthorizationRequestRedirectFilter@5b83abea, org.springframework.security.oauth2.client.web.OAuth2LoginAuthenticationFilter@4852f5ab, org.springframework.security.web.authentication.ui.DefaultLoginPageGeneratingFilter@586e1434, org.springframework.security.web.authentication.ui.DefaultLogoutPageGeneratingFilter@673cc22d, org.springframework.security.web.savedrequest.RequestCacheAwareFilter@4f80a3d6, org.springframework.security.web.servletapi.SecurityContextHolderAwareRequestFilter@164fb5de, org.springframework.security.web.authentication.AnonymousAuthenticationFilter@69fac2cf, org.springframework.security.oauth2.client.web.OAuth2AuthorizationCodeGrantFilter@7c2e5cd1, org.springframework.security.web.session.SessionManagementFilter@3301dcef, org.springframework.security.web.access.ExceptionTranslationFilter@52c0dc00, org.springframework.security.web.access.intercept.FilterSecurityInterceptor@5110395e]
2022-04-28 23:49:24.289  INFO 23608 --- [    Test worker] o.s.b.t.m.w.SpringBootMockServletContext : Initializing Spring TestDispatcherServlet ''
2022-04-28 23:49:24.289  INFO 23608 --- [    Test worker] o.s.t.web.servlet.TestDispatcherServlet  : Initializing Servlet ''
2022-04-28 23:49:24.291  INFO 23608 --- [    Test worker] o.s.t.web.servlet.TestDispatcherServlet  : Completed initialization in 1 ms
2022-04-28 23:49:24.324  INFO 23608 --- [    Test worker] c.m.springboot.web.HelloControllerTest   : Started HelloControllerTest in 1.863 seconds (JVM running for 21.999)
]]></system-out>
  <system-err><![CDATA[]]></system-err>
</testsuite>
