<?xml version="1.0" encoding="UTF-8"?>
<testsuite name="com.myProject.springboot.web.HelloControllerTest" tests="2" skipped="0" failures="0" errors="0" timestamp="2022-04-28T12:56:36" hostname="SJY4-PC" time="1.065">
  <properties/>
  <testcase name="hello가_리턴된다()" classname="com.myProject.springboot.web.HelloControllerTest" time="0.582"/>
  <testcase name="helloDto가_리턴된다()" classname="com.myProject.springboot.web.HelloControllerTest" time="0.471"/>
  <system-out><![CDATA[2022-04-28 21:56:33.809  INFO 10564 --- [    Test worker] .b.t.a.w.s.WebMvcTestContextBootstrapper : Neither @ContextConfiguration nor @ContextHierarchy found for test class [com.myProject.springboot.web.HelloControllerTest], using SpringBootContextLoader
2022-04-28 21:56:33.811  INFO 10564 --- [    Test worker] o.s.t.c.support.AbstractContextLoader    : Could not detect default resource locations for test class [com.myProject.springboot.web.HelloControllerTest]: no resource found for suffixes {-context.xml, Context.groovy}.
2022-04-28 21:56:33.811  INFO 10564 --- [    Test worker] t.c.s.AnnotationConfigContextLoaderUtils : Could not detect default configuration classes for test class [com.myProject.springboot.web.HelloControllerTest]: HelloControllerTest does not declare any static, non-private, non-final, nested classes annotated with @Configuration.
2022-04-28 21:56:33.875  INFO 10564 --- [    Test worker] .b.t.c.SpringBootTestContextBootstrapper : Found @SpringBootConfiguration com.myProject.springboot.web.Application for test class com.myProject.springboot.web.HelloControllerTest
2022-04-28 21:56:33.878  INFO 10564 --- [    Test worker] .b.t.a.w.s.WebMvcTestContextBootstrapper : Loaded default TestExecutionListener class names from location [META-INF/spring.factories]: [org.springframework.security.test.context.support.WithSecurityContextTestExecutionListener, org.springframework.security.test.context.support.ReactorContextTestExecutionListener, org.springframework.boot.test.autoconfigure.restdocs.RestDocsTestExecutionListener, org.springframework.boot.test.autoconfigure.web.client.MockRestServiceServerResetTestExecutionListener, org.springframework.boot.test.autoconfigure.web.servlet.MockMvcPrintOnlyOnFailureTestExecutionListener, org.springframework.boot.test.autoconfigure.web.servlet.WebDriverTestExecutionListener, org.springframework.boot.test.autoconfigure.webservices.client.MockWebServiceServerTestExecutionListener, org.springframework.boot.test.mock.mockito.MockitoTestExecutionListener, org.springframework.boot.test.mock.mockito.ResetMocksTestExecutionListener, org.springframework.test.context.web.ServletTestExecutionListener, org.springframework.test.context.support.DirtiesContextBeforeModesTestExecutionListener, org.springframework.test.context.support.DependencyInjectionTestExecutionListener, org.springframework.test.context.support.DirtiesContextTestExecutionListener, org.springframework.test.context.transaction.TransactionalTestExecutionListener, org.springframework.test.context.jdbc.SqlScriptsTestExecutionListener, org.springframework.test.context.event.EventPublishingTestExecutionListener]
2022-04-28 21:56:33.880  INFO 10564 --- [    Test worker] .b.t.a.w.s.WebMvcTestContextBootstrapper : Using TestExecutionListeners: [org.springframework.test.context.web.ServletTestExecutionListener@25abc4d, org.springframework.test.context.support.DirtiesContextBeforeModesTestExecutionListener@35183fd0, org.springframework.boot.test.mock.mockito.MockitoTestExecutionListener@1ebf6cb, org.springframework.boot.test.autoconfigure.SpringBootDependencyInjectionTestExecutionListener@165984db, org.springframework.test.context.support.DirtiesContextTestExecutionListener@41b6ea89, org.springframework.test.context.transaction.TransactionalTestExecutionListener@3524bbd0, org.springframework.test.context.jdbc.SqlScriptsTestExecutionListener@6b274e11, org.springframework.security.test.context.support.WithSecurityContextTestExecutionListener@318260f2, org.springframework.test.context.event.EventPublishingTestExecutionListener@479636e9, org.springframework.security.test.context.support.ReactorContextTestExecutionListener@577cfff0, org.springframework.boot.test.autoconfigure.restdocs.RestDocsTestExecutionListener@67a64c8, org.springframework.boot.test.autoconfigure.web.client.MockRestServiceServerResetTestExecutionListener@245d1105, org.springframework.boot.test.autoconfigure.web.servlet.MockMvcPrintOnlyOnFailureTestExecutionListener@528a5a19, org.springframework.boot.test.autoconfigure.web.servlet.WebDriverTestExecutionListener@62b9acc7, org.springframework.boot.test.autoconfigure.webservices.client.MockWebServiceServerTestExecutionListener@3730c87c, org.springframework.boot.test.mock.mockito.ResetMocksTestExecutionListener@7ba922a6]

  .   ____          _            __ _ _
 /\\ / ___'_ __ _ _(_)_ __  __ _ \ \ \ \
( ( )\___ | '_ | '_| | '_ \/ _` | \ \ \ \
 \\/  ___)| |_)| | | | | || (_| |  ) ) ) )
  '  |____| .__|_| |_|_| |_\__, | / / / /
 =========|_|==============|___/=/_/_/_/
 :: Spring Boot ::                (v2.4.1)

2022-04-28 21:56:34.001  INFO 10564 --- [    Test worker] c.m.springboot.web.HelloControllerTest   : Starting HelloControllerTest using Java 1.8.0_144 on sjy4-PC with PID 10564 (started by sjy4 in D:\newProject)
2022-04-28 21:56:34.002  INFO 10564 --- [    Test worker] c.m.springboot.web.HelloControllerTest   : No active profile set, falling back to default profiles: default
2022-04-28 21:56:34.991  INFO 10564 --- [    Test worker] o.s.s.concurrent.ThreadPoolTaskExecutor  : Initializing ExecutorService 'applicationTaskExecutor'
2022-04-28 21:56:35.105  INFO 10564 --- [    Test worker] o.s.b.a.w.s.WelcomePageHandlerMapping    : Adding welcome page template: index
2022-04-28 21:56:35.982  INFO 10564 --- [    Test worker] o.s.s.web.DefaultSecurityFilterChain     : Will secure any request with [org.springframework.security.web.context.request.async.WebAsyncManagerIntegrationFilter@7cd86d27, org.springframework.security.web.context.SecurityContextPersistenceFilter@14bd7ea5, org.springframework.security.web.header.HeaderWriterFilter@16e0ec4a, org.springframework.security.web.csrf.CsrfFilter@4234ced6, org.springframework.security.web.authentication.logout.LogoutFilter@f5efb91, org.springframework.security.oauth2.client.web.OAuth2AuthorizationRequestRedirectFilter@4afc33fa, org.springframework.security.oauth2.client.web.OAuth2AuthorizationRequestRedirectFilter@6adf8950, org.springframework.security.oauth2.client.web.OAuth2LoginAuthenticationFilter@25acd145, org.springframework.security.web.authentication.ui.DefaultLoginPageGeneratingFilter@674a0c47, org.springframework.security.web.authentication.ui.DefaultLogoutPageGeneratingFilter@68222f93, org.springframework.security.web.savedrequest.RequestCacheAwareFilter@2569a2a7, org.springframework.security.web.servletapi.SecurityContextHolderAwareRequestFilter@34fa98fc, org.springframework.security.web.authentication.AnonymousAuthenticationFilter@550b36af, org.springframework.security.oauth2.client.web.OAuth2AuthorizationCodeGrantFilter@1315c038, org.springframework.security.web.session.SessionManagementFilter@72c6d23e, org.springframework.security.web.access.ExceptionTranslationFilter@73b84bae, org.springframework.security.web.access.intercept.FilterSecurityInterceptor@777f163a]
2022-04-28 21:56:36.270  INFO 10564 --- [    Test worker] o.s.b.t.m.w.SpringBootMockServletContext : Initializing Spring TestDispatcherServlet ''
2022-04-28 21:56:36.270  INFO 10564 --- [    Test worker] o.s.t.web.servlet.TestDispatcherServlet  : Initializing Servlet ''
2022-04-28 21:56:36.272  INFO 10564 --- [    Test worker] o.s.t.web.servlet.TestDispatcherServlet  : Completed initialization in 2 ms
2022-04-28 21:56:36.296  INFO 10564 --- [    Test worker] c.m.springboot.web.HelloControllerTest   : Started HelloControllerTest in 2.41 seconds (JVM running for 19.304)
]]></system-out>
  <system-err><![CDATA[]]></system-err>
</testsuite>
