<?xml version="1.0" encoding="UTF-8"?>
<testsuite name="com.myProject.springboot.web.dto.HelloResponseDtoTest" tests="1" skipped="0" failures="0" errors="0" timestamp="2022-04-25T13:04:43" hostname="sjy4-PC" time="0.376">
  <properties/>
  <testcase name="롬복_기능_테스트" classname="com.myProject.springboot.web.dto.HelloResponseDtoTest" time="0.376"/>
  <system-out><![CDATA[]]></system-out>
  <system-err><![CDATA[]]></system-err>
</testsuite>
