<?xml version="1.0" encoding="UTF-8"?>
<testsuite name="com.myProject.springboot.web.HelloControllerTest" tests="2" skipped="0" failures="0" errors="0" timestamp="2022-04-26T11:54:11" hostname="SJY4-PC" time="0.133">
  <properties/>
  <testcase name="hello가_리턴된다()" classname="com.myProject.springboot.web.HelloControllerTest" time="0.033"/>
  <testcase name="helloDto가_리턴된다()" classname="com.myProject.springboot.web.HelloControllerTest" time="0.099"/>
  <system-out><![CDATA[2022-04-26 20:54:09.915  INFO 22548 --- [    Test worker] .b.t.a.w.s.WebMvcTestContextBootstrapper : Neither @ContextConfiguration nor @ContextHierarchy found for test class [com.myProject.springboot.web.HelloControllerTest], using SpringBootContextLoader
2022-04-26 20:54:09.916  INFO 22548 --- [    Test worker] o.s.t.c.support.AbstractContextLoader    : Could not detect default resource locations for test class [com.myProject.springboot.web.HelloControllerTest]: no resource found for suffixes {-context.xml, Context.groovy}.
2022-04-26 20:54:09.918  INFO 22548 --- [    Test worker] t.c.s.AnnotationConfigContextLoaderUtils : Could not detect default configuration classes for test class [com.myProject.springboot.web.HelloControllerTest]: HelloControllerTest does not declare any static, non-private, non-final, nested classes annotated with @Configuration.
2022-04-26 20:54:09.955  INFO 22548 --- [    Test worker] .b.t.c.SpringBootTestContextBootstrapper : Found @SpringBootConfiguration com.myProject.springboot.web.Application for test class com.myProject.springboot.web.HelloControllerTest
2022-04-26 20:54:09.959  INFO 22548 --- [    Test worker] .b.t.a.w.s.WebMvcTestContextBootstrapper : Loaded default TestExecutionListener class names from location [META-INF/spring.factories]: [org.springframework.security.test.context.support.WithSecurityContextTestExecutionListener, org.springframework.security.test.context.support.ReactorContextTestExecutionListener, org.springframework.boot.test.autoconfigure.restdocs.RestDocsTestExecutionListener, org.springframework.boot.test.autoconfigure.web.client.MockRestServiceServerResetTestExecutionListener, org.springframework.boot.test.autoconfigure.web.servlet.MockMvcPrintOnlyOnFailureTestExecutionListener, org.springframework.boot.test.autoconfigure.web.servlet.WebDriverTestExecutionListener, org.springframework.boot.test.autoconfigure.webservices.client.MockWebServiceServerTestExecutionListener, org.springframework.boot.test.mock.mockito.MockitoTestExecutionListener, org.springframework.boot.test.mock.mockito.ResetMocksTestExecutionListener, org.springframework.test.context.web.ServletTestExecutionListener, org.springframework.test.context.support.DirtiesContextBeforeModesTestExecutionListener, org.springframework.test.context.support.DependencyInjectionTestExecutionListener, org.springframework.test.context.support.DirtiesContextTestExecutionListener, org.springframework.test.context.transaction.TransactionalTestExecutionListener, org.springframework.test.context.jdbc.SqlScriptsTestExecutionListener, org.springframework.test.context.event.EventPublishingTestExecutionListener]
2022-04-26 20:54:09.961  INFO 22548 --- [    Test worker] .b.t.a.w.s.WebMvcTestContextBootstrapper : Using TestExecutionListeners: [org.springframework.test.context.web.ServletTestExecutionListener@cc03c91, org.springframework.test.context.support.DirtiesContextBeforeModesTestExecutionListener@3893fc89, org.springframework.boot.test.mock.mockito.MockitoTestExecutionListener@1ebbda3f, org.springframework.boot.test.autoconfigure.SpringBootDependencyInjectionTestExecutionListener@12a8dd63, org.springframework.test.context.support.DirtiesContextTestExecutionListener@1f015f13, org.springframework.test.context.transaction.TransactionalTestExecutionListener@38519fce, org.springframework.test.context.jdbc.SqlScriptsTestExecutionListener@787bd0d9, org.springframework.security.test.context.support.WithSecurityContextTestExecutionListener@2cec5970, org.springframework.test.context.event.EventPublishingTestExecutionListener@39007239, org.springframework.security.test.context.support.ReactorContextTestExecutionListener@d1b2538, org.springframework.boot.test.autoconfigure.restdocs.RestDocsTestExecutionListener@2b40c15a, org.springframework.boot.test.autoconfigure.web.client.MockRestServiceServerResetTestExecutionListener@65a92a9b, org.springframework.boot.test.autoconfigure.web.servlet.MockMvcPrintOnlyOnFailureTestExecutionListener@5f820dad, org.springframework.boot.test.autoconfigure.web.servlet.WebDriverTestExecutionListener@b64c180, org.springframework.boot.test.autoconfigure.webservices.client.MockWebServiceServerTestExecutionListener@26839ba7, org.springframework.boot.test.mock.mockito.ResetMocksTestExecutionListener@a52801e]

  .   ____          _            __ _ _
 /\\ / ___'_ __ _ _(_)_ __  __ _ \ \ \ \
( ( )\___ | '_ | '_| | '_ \/ _` | \ \ \ \
 \\/  ___)| |_)| | | | | || (_| |  ) ) ) )
  '  |____| .__|_| |_|_| |_\__, | / / / /
 =========|_|==============|___/=/_/_/_/
 :: Spring Boot ::                (v2.4.1)

2022-04-26 20:54:10.027  INFO 22548 --- [    Test worker] c.m.springboot.web.HelloControllerTest   : Starting HelloControllerTest using Java 1.8.0_144 on sjy4-PC with PID 22548 (started by sjy4 in D:\newProject)
2022-04-26 20:54:10.028  INFO 22548 --- [    Test worker] c.m.springboot.web.HelloControllerTest   : No active profile set, falling back to default profiles: default
2022-04-26 20:54:10.832  INFO 22548 --- [    Test worker] o.s.s.concurrent.ThreadPoolTaskExecutor  : Initializing ExecutorService 'applicationTaskExecutor'
2022-04-26 20:54:10.887  INFO 22548 --- [    Test worker] o.s.b.a.w.s.WelcomePageHandlerMapping    : Adding welcome page template: index
2022-04-26 20:54:11.435  INFO 22548 --- [    Test worker] o.s.s.web.DefaultSecurityFilterChain     : Will secure any request with [org.springframework.security.web.context.request.async.WebAsyncManagerIntegrationFilter@45acdb85, org.springframework.security.web.context.SecurityContextPersistenceFilter@2e56986f, org.springframework.security.web.header.HeaderWriterFilter@5c57de2b, org.springframework.security.web.csrf.CsrfFilter@26217711, org.springframework.security.web.authentication.logout.LogoutFilter@6f23241, org.springframework.security.oauth2.client.web.OAuth2AuthorizationRequestRedirectFilter@300cdeaf, org.springframework.security.oauth2.client.web.OAuth2AuthorizationRequestRedirectFilter@4d6143b0, org.springframework.security.oauth2.client.web.OAuth2LoginAuthenticationFilter@72a1b555, org.springframework.security.web.authentication.ui.DefaultLoginPageGeneratingFilter@72fb95f5, org.springframework.security.web.authentication.ui.DefaultLogoutPageGeneratingFilter@f33edb0, org.springframework.security.web.savedrequest.RequestCacheAwareFilter@122cda30, org.springframework.security.web.servletapi.SecurityContextHolderAwareRequestFilter@70e8e8d8, org.springframework.security.web.authentication.AnonymousAuthenticationFilter@1a2e926a, org.springframework.security.oauth2.client.web.OAuth2AuthorizationCodeGrantFilter@643e36da, org.springframework.security.web.session.SessionManagementFilter@7163a34f, org.springframework.security.web.access.ExceptionTranslationFilter@4dce2114, org.springframework.security.web.access.intercept.FilterSecurityInterceptor@a46a726]
2022-04-26 20:54:11.537  INFO 22548 --- [    Test worker] o.s.b.t.m.w.SpringBootMockServletContext : Initializing Spring TestDispatcherServlet ''
2022-04-26 20:54:11.537  INFO 22548 --- [    Test worker] o.s.t.web.servlet.TestDispatcherServlet  : Initializing Servlet ''
2022-04-26 20:54:11.539  INFO 22548 --- [    Test worker] o.s.t.web.servlet.TestDispatcherServlet  : Completed initialization in 1 ms
2022-04-26 20:54:11.560  INFO 22548 --- [    Test worker] c.m.springboot.web.HelloControllerTest   : Started HelloControllerTest in 1.591 seconds (JVM running for 21.863)
]]></system-out>
  <system-err><![CDATA[]]></system-err>
</testsuite>
