<?xml version="1.0" encoding="UTF-8"?>
<testsuite name="com.myProject.springboot.web.HelloControllerTest" tests="2" skipped="0" failures="0" errors="0" timestamp="2022-04-25T13:04:47" hostname="sjy4-PC" time="0.382">
  <properties/>
  <testcase name="hello가_리턴된다" classname="com.myProject.springboot.web.HelloControllerTest" time="0.2"/>
  <testcase name="helloDto가_리턴된다" classname="com.myProject.springboot.web.HelloControllerTest" time="0.182"/>
  <system-out><![CDATA[2022-04-25 22:04:44.353  INFO 25504 --- [    Test worker] .b.t.a.w.s.WebMvcTestContextBootstrapper : Neither @ContextConfiguration nor @ContextHierarchy found for test class [com.myProject.springboot.web.HelloControllerTest], using SpringBootContextLoader
2022-04-25 22:04:44.354  INFO 25504 --- [    Test worker] o.s.t.c.support.AbstractContextLoader    : Could not detect default resource locations for test class [com.myProject.springboot.web.HelloControllerTest]: no resource found for suffixes {-context.xml, Context.groovy}.
2022-04-25 22:04:44.355  INFO 25504 --- [    Test worker] t.c.s.AnnotationConfigContextLoaderUtils : Could not detect default configuration classes for test class [com.myProject.springboot.web.HelloControllerTest]: HelloControllerTest does not declare any static, non-private, non-final, nested classes annotated with @Configuration.
2022-04-25 22:04:44.451  INFO 25504 --- [    Test worker] .b.t.c.SpringBootTestContextBootstrapper : Found @SpringBootConfiguration com.myProject.springboot.web.Application for test class com.myProject.springboot.web.HelloControllerTest
2022-04-25 22:04:44.452  INFO 25504 --- [    Test worker] .b.t.a.w.s.WebMvcTestContextBootstrapper : Loaded default TestExecutionListener class names from location [META-INF/spring.factories]: [org.springframework.security.test.context.support.WithSecurityContextTestExecutionListener, org.springframework.security.test.context.support.ReactorContextTestExecutionListener, org.springframework.boot.test.autoconfigure.restdocs.RestDocsTestExecutionListener, org.springframework.boot.test.autoconfigure.web.client.MockRestServiceServerResetTestExecutionListener, org.springframework.boot.test.autoconfigure.web.servlet.MockMvcPrintOnlyOnFailureTestExecutionListener, org.springframework.boot.test.autoconfigure.web.servlet.WebDriverTestExecutionListener, org.springframework.boot.test.mock.mockito.MockitoTestExecutionListener, org.springframework.boot.test.mock.mockito.ResetMocksTestExecutionListener, org.springframework.test.context.web.ServletTestExecutionListener, org.springframework.test.context.support.DirtiesContextBeforeModesTestExecutionListener, org.springframework.test.context.support.DependencyInjectionTestExecutionListener, org.springframework.test.context.support.DirtiesContextTestExecutionListener, org.springframework.test.context.transaction.TransactionalTestExecutionListener, org.springframework.test.context.jdbc.SqlScriptsTestExecutionListener]
2022-04-25 22:04:44.529  INFO 25504 --- [    Test worker] .b.t.a.w.s.WebMvcTestContextBootstrapper : Using TestExecutionListeners: [org.springframework.test.context.web.ServletTestExecutionListener@796cf9d7, org.springframework.test.context.support.DirtiesContextBeforeModesTestExecutionListener@e808b7c, org.springframework.boot.test.mock.mockito.MockitoTestExecutionListener@a615473, org.springframework.boot.test.autoconfigure.SpringBootDependencyInjectionTestExecutionListener@5d12ae8b, org.springframework.test.context.support.DirtiesContextTestExecutionListener@43ae56bf, org.springframework.test.context.transaction.TransactionalTestExecutionListener@497ffedd, org.springframework.test.context.jdbc.SqlScriptsTestExecutionListener@493de94d, org.springframework.security.test.context.support.WithSecurityContextTestExecutionListener@1137017, org.springframework.security.test.context.support.ReactorContextTestExecutionListener@30b9c524, org.springframework.boot.test.autoconfigure.restdocs.RestDocsTestExecutionListener@6064cf8, org.springframework.boot.test.autoconfigure.web.client.MockRestServiceServerResetTestExecutionListener@20d7aaf4, org.springframework.boot.test.autoconfigure.web.servlet.MockMvcPrintOnlyOnFailureTestExecutionListener@3adef531, org.springframework.boot.test.autoconfigure.web.servlet.WebDriverTestExecutionListener@443097ab, org.springframework.boot.test.mock.mockito.ResetMocksTestExecutionListener@70e56259]

  .   ____          _            __ _ _
 /\\ / ___'_ __ _ _(_)_ __  __ _ \ \ \ \
( ( )\___ | '_ | '_| | '_ \/ _` | \ \ \ \
 \\/  ___)| |_)| | | | | || (_| |  ) ) ) )
  '  |____| .__|_| |_|_| |_\__, | / / / /
 =========|_|==============|___/=/_/_/_/
 :: Spring Boot ::        (v2.1.7.RELEASE)

2022-04-25 22:04:44.864  INFO 25504 --- [    Test worker] c.m.springboot.web.HelloControllerTest   : Starting HelloControllerTest on sjy4-PC with PID 25504 (started by sjy4 in D:\newProject)
2022-04-25 22:04:44.967  INFO 25504 --- [    Test worker] c.m.springboot.web.HelloControllerTest   : No active profile set, falling back to default profiles: default
2022-04-25 22:04:46.529  INFO 25504 --- [    Test worker] o.s.s.concurrent.ThreadPoolTaskExecutor  : Initializing ExecutorService 'applicationTaskExecutor'
2022-04-25 22:04:46.602  INFO 25504 --- [    Test worker] o.s.b.a.w.s.WelcomePageHandlerMapping    : Adding welcome page template: index
2022-04-25 22:04:47.140  INFO 25504 --- [    Test worker] .s.s.UserDetailsServiceAutoConfiguration : 

Using generated security password: e31920b8-e010-47e4-a7a5-0f89fedaa7af

2022-04-25 22:04:47.398  INFO 25504 --- [    Test worker] o.s.s.web.DefaultSecurityFilterChain     : Creating filter chain: any request, [org.springframework.security.web.context.request.async.WebAsyncManagerIntegrationFilter@150460c, org.springframework.security.web.context.SecurityContextPersistenceFilter@30f25308, org.springframework.security.web.header.HeaderWriterFilter@3cc4653f, org.springframework.security.web.csrf.CsrfFilter@1ecc13a2, org.springframework.security.web.authentication.logout.LogoutFilter@48d1a950, org.springframework.security.web.authentication.UsernamePasswordAuthenticationFilter@3f6581b5, org.springframework.security.web.authentication.ui.DefaultLoginPageGeneratingFilter@66802be8, org.springframework.security.web.authentication.ui.DefaultLogoutPageGeneratingFilter@4bcbcaad, org.springframework.security.web.authentication.www.BasicAuthenticationFilter@640be6d, org.springframework.security.web.savedrequest.RequestCacheAwareFilter@6202b3b2, org.springframework.security.web.servletapi.SecurityContextHolderAwareRequestFilter@7df0df50, org.springframework.security.web.authentication.AnonymousAuthenticationFilter@48fba66f, org.springframework.security.web.session.SessionManagementFilter@426b3006, org.springframework.security.web.access.ExceptionTranslationFilter@7c05d4f0, org.springframework.security.web.access.intercept.FilterSecurityInterceptor@58cd8929]
2022-04-25 22:04:47.473  INFO 25504 --- [    Test worker] o.s.b.t.m.w.SpringBootMockServletContext : Initializing Spring TestDispatcherServlet ''
2022-04-25 22:04:47.474  INFO 25504 --- [    Test worker] o.s.t.web.servlet.TestDispatcherServlet  : Initializing Servlet ''
2022-04-25 22:04:47.501  INFO 25504 --- [    Test worker] o.s.t.web.servlet.TestDispatcherServlet  : Completed initialization in 27 ms
2022-04-25 22:04:47.564  INFO 25504 --- [    Test worker] c.m.springboot.web.HelloControllerTest   : Started HelloControllerTest in 3.021 seconds (JVM running for 23.574)
]]></system-out>
  <system-err><![CDATA[]]></system-err>
</testsuite>
