<?xml version="1.0" encoding="UTF-8"?>
<testsuite name="com.myProject.springboot.web.IndexControllerTest" tests="1" skipped="0" failures="0" errors="0" timestamp="2022-04-28T14:49:29" hostname="SJY4-PC" time="0.462">
  <properties/>
  <testcase name="메인페이지_로딩()" classname="com.myProject.springboot.web.IndexControllerTest" time="0.462"/>
  <system-out><![CDATA[2022-04-28 23:49:24.761  INFO 23608 --- [    Test worker] .b.t.c.SpringBootTestContextBootstrapper : Neither @ContextConfiguration nor @ContextHierarchy found for test class [com.myProject.springboot.web.IndexControllerTest], using SpringBootContextLoader
2022-04-28 23:49:24.763  INFO 23608 --- [    Test worker] o.s.t.c.support.AbstractContextLoader    : Could not detect default resource locations for test class [com.myProject.springboot.web.IndexControllerTest]: no resource found for suffixes {-context.xml, Context.groovy}.
2022-04-28 23:49:24.766  INFO 23608 --- [    Test worker] t.c.s.AnnotationConfigContextLoaderUtils : Could not detect default configuration classes for test class [com.myProject.springboot.web.IndexControllerTest]: IndexControllerTest does not declare any static, non-private, non-final, nested classes annotated with @Configuration.
2022-04-28 23:49:24.772  INFO 23608 --- [    Test worker] .b.t.c.SpringBootTestContextBootstrapper : Found @SpringBootConfiguration com.myProject.springboot.web.Application for test class com.myProject.springboot.web.IndexControllerTest
2022-04-28 23:49:24.777  INFO 23608 --- [    Test worker] .b.t.c.SpringBootTestContextBootstrapper : Loaded default TestExecutionListener class names from location [META-INF/spring.factories]: [org.springframework.security.test.context.support.WithSecurityContextTestExecutionListener, org.springframework.security.test.context.support.ReactorContextTestExecutionListener, org.springframework.boot.test.autoconfigure.restdocs.RestDocsTestExecutionListener, org.springframework.boot.test.autoconfigure.web.client.MockRestServiceServerResetTestExecutionListener, org.springframework.boot.test.autoconfigure.web.servlet.MockMvcPrintOnlyOnFailureTestExecutionListener, org.springframework.boot.test.autoconfigure.web.servlet.WebDriverTestExecutionListener, org.springframework.boot.test.autoconfigure.webservices.client.MockWebServiceServerTestExecutionListener, org.springframework.boot.test.mock.mockito.MockitoTestExecutionListener, org.springframework.boot.test.mock.mockito.ResetMocksTestExecutionListener, org.springframework.test.context.web.ServletTestExecutionListener, org.springframework.test.context.support.DirtiesContextBeforeModesTestExecutionListener, org.springframework.test.context.support.DependencyInjectionTestExecutionListener, org.springframework.test.context.support.DirtiesContextTestExecutionListener, org.springframework.test.context.transaction.TransactionalTestExecutionListener, org.springframework.test.context.jdbc.SqlScriptsTestExecutionListener, org.springframework.test.context.event.EventPublishingTestExecutionListener]
2022-04-28 23:49:24.779  INFO 23608 --- [    Test worker] .b.t.c.SpringBootTestContextBootstrapper : Using TestExecutionListeners: [org.springframework.test.context.web.ServletTestExecutionListener@79156cd8, org.springframework.test.context.support.DirtiesContextBeforeModesTestExecutionListener@4a7fdcf5, org.springframework.boot.test.mock.mockito.MockitoTestExecutionListener@4fa30655, org.springframework.boot.test.autoconfigure.SpringBootDependencyInjectionTestExecutionListener@1acd6222, org.springframework.test.context.support.DirtiesContextTestExecutionListener@486cae0f, org.springframework.test.context.transaction.TransactionalTestExecutionListener@7c404b83, org.springframework.test.context.jdbc.SqlScriptsTestExecutionListener@2b866bf0, org.springframework.security.test.context.support.WithSecurityContextTestExecutionListener@5aabd0d0, org.springframework.test.context.event.EventPublishingTestExecutionListener@779a115c, org.springframework.security.test.context.support.ReactorContextTestExecutionListener@978507f, org.springframework.boot.test.autoconfigure.restdocs.RestDocsTestExecutionListener@1139734b, org.springframework.boot.test.autoconfigure.web.client.MockRestServiceServerResetTestExecutionListener@15100cec, org.springframework.boot.test.autoconfigure.web.servlet.MockMvcPrintOnlyOnFailureTestExecutionListener@32a7efe3, org.springframework.boot.test.autoconfigure.web.servlet.WebDriverTestExecutionListener@7917aa60, org.springframework.boot.test.autoconfigure.webservices.client.MockWebServiceServerTestExecutionListener@236e3d22, org.springframework.boot.test.mock.mockito.ResetMocksTestExecutionListener@368c22cf]

  .   ____          _            __ _ _
 /\\ / ___'_ __ _ _(_)_ __  __ _ \ \ \ \
( ( )\___ | '_ | '_| | '_ \/ _` | \ \ \ \
 \\/  ___)| |_)| | | | | || (_| |  ) ) ) )
  '  |____| .__|_| |_|_| |_\__, | / / / /
 =========|_|==============|___/=/_/_/_/
 :: Spring Boot ::                (v2.4.1)

2022-04-28 23:49:24.843  INFO 23608 --- [    Test worker] c.m.springboot.web.IndexControllerTest   : Starting IndexControllerTest using Java 1.8.0_144 on sjy4-PC with PID 23608 (started by sjy4 in D:\newProject)
2022-04-28 23:49:24.844  INFO 23608 --- [    Test worker] c.m.springboot.web.IndexControllerTest   : No active profile set, falling back to default profiles: default
2022-04-28 23:49:25.424  INFO 23608 --- [    Test worker] .s.d.r.c.RepositoryConfigurationDelegate : Bootstrapping Spring Data JPA repositories in DEFAULT mode.
2022-04-28 23:49:25.461  INFO 23608 --- [    Test worker] .s.d.r.c.RepositoryConfigurationDelegate : Finished Spring Data repository scanning in 35 ms. Found 2 JPA repository interfaces.
2022-04-28 23:49:26.255  INFO 23608 --- [    Test worker] o.s.b.w.embedded.tomcat.TomcatWebServer  : Tomcat initialized with port(s): 0 (http)
2022-04-28 23:49:26.308  INFO 23608 --- [    Test worker] o.apache.catalina.core.StandardService   : Starting service [Tomcat]
2022-04-28 23:49:26.310  INFO 23608 --- [    Test worker] org.apache.catalina.core.StandardEngine  : Starting Servlet engine: [Apache Tomcat/9.0.41]
2022-04-28 23:49:26.730  INFO 23608 --- [    Test worker] o.a.c.c.C.[Tomcat].[localhost].[/]       : Initializing Spring embedded WebApplicationContext
2022-04-28 23:49:26.732  INFO 23608 --- [    Test worker] w.s.c.ServletWebServerApplicationContext : Root WebApplicationContext: initialization completed in 1882 ms
2022-04-28 23:49:26.838  INFO 23608 --- [    Test worker] com.zaxxer.hikari.HikariDataSource       : HikariPool-2 - Starting...
2022-04-28 23:49:26.840  INFO 23608 --- [    Test worker] com.zaxxer.hikari.HikariDataSource       : HikariPool-2 - Start completed.
2022-04-28 23:49:26.840  INFO 23608 --- [    Test worker] o.s.b.a.h2.H2ConsoleAutoConfiguration    : H2 console available at '/h2-console'. Database available at 'jdbc:h2:mem:testdb'
2022-04-28 23:49:27.174  INFO 23608 --- [    Test worker] o.hibernate.jpa.internal.util.LogHelper  : HHH000204: Processing PersistenceUnitInfo [name: default]
2022-04-28 23:49:27.187  INFO 23608 --- [    Test worker] org.hibernate.dialect.Dialect            : HHH000400: Using dialect: org.hibernate.dialect.MySQL57Dialect
Hibernate: drop table if exists posts
Hibernate: drop table if exists user
Hibernate: create table posts (id bigint not null auto_increment, created_date datetime(6), modified_date datetime(6), author varchar(255), content TEXT not null, title varchar(500) not null, primary key (id)) engine=InnoDB
Hibernate: create table user (id bigint not null auto_increment, created_date datetime(6), modified_date datetime(6), email varchar(255) not null, name varchar(255) not null, picture varchar(255), role varchar(255) not null, primary key (id)) engine=InnoDB
2022-04-28 23:49:27.314  INFO 23608 --- [    Test worker] o.h.e.t.j.p.i.JtaPlatformInitiator       : HHH000490: Using JtaPlatform implementation: [org.hibernate.engine.transaction.jta.platform.internal.NoJtaPlatform]
2022-04-28 23:49:27.314  INFO 23608 --- [    Test worker] j.LocalContainerEntityManagerFactoryBean : Initialized JPA EntityManagerFactory for persistence unit 'default'
2022-04-28 23:49:27.903  WARN 23608 --- [    Test worker] JpaBaseConfiguration$JpaWebConfiguration : spring.jpa.open-in-view is enabled by default. Therefore, database queries may be performed during view rendering. Explicitly configure spring.jpa.open-in-view to disable this warning
2022-04-28 23:49:28.445  INFO 23608 --- [    Test worker] o.s.s.web.DefaultSecurityFilterChain     : Will secure any request with [org.springframework.security.web.context.request.async.WebAsyncManagerIntegrationFilter@75586069, org.springframework.security.web.context.SecurityContextPersistenceFilter@4b62a670, org.springframework.security.web.header.HeaderWriterFilter@2d25cb67, org.springframework.security.web.authentication.logout.LogoutFilter@777e8076, org.springframework.security.oauth2.client.web.OAuth2AuthorizationRequestRedirectFilter@67b5425a, org.springframework.security.oauth2.client.web.OAuth2LoginAuthenticationFilter@1482d7c3, org.springframework.security.web.authentication.ui.DefaultLoginPageGeneratingFilter@3d323871, org.springframework.security.web.authentication.ui.DefaultLogoutPageGeneratingFilter@7b29f2c, org.springframework.security.web.savedrequest.RequestCacheAwareFilter@688f9b03, org.springframework.security.web.servletapi.SecurityContextHolderAwareRequestFilter@6b720b86, org.springframework.security.web.authentication.AnonymousAuthenticationFilter@4ad8ba12, org.springframework.security.web.session.SessionManagementFilter@4b13a0b1, org.springframework.security.web.access.ExceptionTranslationFilter@69d942f5, org.springframework.security.web.access.intercept.FilterSecurityInterceptor@5494c197]
2022-04-28 23:49:28.729  INFO 23608 --- [    Test worker] o.s.s.concurrent.ThreadPoolTaskExecutor  : Initializing ExecutorService 'applicationTaskExecutor'
2022-04-28 23:49:28.805  INFO 23608 --- [    Test worker] o.s.b.a.w.s.WelcomePageHandlerMapping    : Adding welcome page template: index
2022-04-28 23:49:29.434  INFO 23608 --- [    Test worker] o.s.b.w.embedded.tomcat.TomcatWebServer  : Tomcat started on port(s): 14972 (http) with context path ''
2022-04-28 23:49:29.444  INFO 23608 --- [    Test worker] s.a.ScheduledAnnotationBeanPostProcessor : No TaskScheduler/ScheduledExecutorService bean found for scheduled processing
2022-04-28 23:49:29.446  INFO 23608 --- [    Test worker] c.m.springboot.web.IndexControllerTest   : Started IndexControllerTest in 4.662 seconds (JVM running for 27.121)
2022-04-28 23:49:29.737  INFO 23608 --- [o-auto-1-exec-1] o.a.c.c.C.[Tomcat].[localhost].[/]       : Initializing Spring DispatcherServlet 'dispatcherServlet'
2022-04-28 23:49:29.738  INFO 23608 --- [o-auto-1-exec-1] o.s.web.servlet.DispatcherServlet        : Initializing Servlet 'dispatcherServlet'
2022-04-28 23:49:29.740  INFO 23608 --- [o-auto-1-exec-1] o.s.web.servlet.DispatcherServlet        : Completed initialization in 1 ms
Hibernate: select posts0_.id as id1_0_, posts0_.created_date as created_2_0_, posts0_.modified_date as modified3_0_, posts0_.author as author4_0_, posts0_.content as content5_0_, posts0_.title as title6_0_ from posts posts0_ order by posts0_.id DESC
]]></system-out>
  <system-err><![CDATA[]]></system-err>
</testsuite>
