<?xml version="1.0" encoding="UTF-8"?>
<testsuite name="com.myProject.springboot.web.PostsApiControllerTest" tests="3" skipped="0" failures="0" errors="0" timestamp="2022-04-25T13:04:53" hostname="sjy4-PC" time="0.571">
  <properties/>
  <testcase name="BaseTimeEntity_등록" classname="com.myProject.springboot.web.PostsApiControllerTest" time="0.097"/>
  <testcase name="Posts_등록된다" classname="com.myProject.springboot.web.PostsApiControllerTest" time="0.276"/>
  <testcase name="Posts_수정된다" classname="com.myProject.springboot.web.PostsApiControllerTest" time="0.189"/>
  <system-out><![CDATA[2022-04-25 22:04:53.630  INFO 25504 --- [    Test worker] .b.t.c.SpringBootTestContextBootstrapper : Neither @ContextConfiguration nor @ContextHierarchy found for test class [com.myProject.springboot.web.PostsApiControllerTest], using SpringBootContextLoader
2022-04-25 22:04:53.631  INFO 25504 --- [    Test worker] o.s.t.c.support.AbstractContextLoader    : Could not detect default resource locations for test class [com.myProject.springboot.web.PostsApiControllerTest]: no resource found for suffixes {-context.xml, Context.groovy}.
2022-04-25 22:04:53.632  INFO 25504 --- [    Test worker] t.c.s.AnnotationConfigContextLoaderUtils : Could not detect default configuration classes for test class [com.myProject.springboot.web.PostsApiControllerTest]: PostsApiControllerTest does not declare any static, non-private, non-final, nested classes annotated with @Configuration.
2022-04-25 22:04:53.635  INFO 25504 --- [    Test worker] .b.t.c.SpringBootTestContextBootstrapper : Found @SpringBootConfiguration com.myProject.springboot.web.Application for test class com.myProject.springboot.web.PostsApiControllerTest
2022-04-25 22:04:53.638  INFO 25504 --- [    Test worker] .b.t.c.SpringBootTestContextBootstrapper : Loaded default TestExecutionListener class names from location [META-INF/spring.factories]: [org.springframework.security.test.context.support.WithSecurityContextTestExecutionListener, org.springframework.security.test.context.support.ReactorContextTestExecutionListener, org.springframework.boot.test.autoconfigure.restdocs.RestDocsTestExecutionListener, org.springframework.boot.test.autoconfigure.web.client.MockRestServiceServerResetTestExecutionListener, org.springframework.boot.test.autoconfigure.web.servlet.MockMvcPrintOnlyOnFailureTestExecutionListener, org.springframework.boot.test.autoconfigure.web.servlet.WebDriverTestExecutionListener, org.springframework.boot.test.mock.mockito.MockitoTestExecutionListener, org.springframework.boot.test.mock.mockito.ResetMocksTestExecutionListener, org.springframework.test.context.web.ServletTestExecutionListener, org.springframework.test.context.support.DirtiesContextBeforeModesTestExecutionListener, org.springframework.test.context.support.DependencyInjectionTestExecutionListener, org.springframework.test.context.support.DirtiesContextTestExecutionListener, org.springframework.test.context.transaction.TransactionalTestExecutionListener, org.springframework.test.context.jdbc.SqlScriptsTestExecutionListener]
2022-04-25 22:04:53.640  INFO 25504 --- [    Test worker] .b.t.c.SpringBootTestContextBootstrapper : Using TestExecutionListeners: [org.springframework.test.context.web.ServletTestExecutionListener@4d95e444, org.springframework.test.context.support.DirtiesContextBeforeModesTestExecutionListener@7bea0215, org.springframework.boot.test.mock.mockito.MockitoTestExecutionListener@20f46d1b, org.springframework.boot.test.autoconfigure.SpringBootDependencyInjectionTestExecutionListener@4fbcbd68, org.springframework.test.context.support.DirtiesContextTestExecutionListener@2de9c71f, org.springframework.test.context.transaction.TransactionalTestExecutionListener@638821d, org.springframework.test.context.jdbc.SqlScriptsTestExecutionListener@527bb74, org.springframework.security.test.context.support.WithSecurityContextTestExecutionListener@2fda1145, org.springframework.security.test.context.support.ReactorContextTestExecutionListener@4ce8ea9e, org.springframework.boot.test.autoconfigure.restdocs.RestDocsTestExecutionListener@e82a174, org.springframework.boot.test.autoconfigure.web.client.MockRestServiceServerResetTestExecutionListener@364647cb, org.springframework.boot.test.autoconfigure.web.servlet.MockMvcPrintOnlyOnFailureTestExecutionListener@4969287f, org.springframework.boot.test.autoconfigure.web.servlet.WebDriverTestExecutionListener@42de87d6, org.springframework.boot.test.mock.mockito.ResetMocksTestExecutionListener@594c07f8]
2022-04-25 22:04:53.661  INFO 25504 --- [    Test worker] o.a.c.c.C.[Tomcat].[localhost].[/]       : Initializing Spring TestDispatcherServlet ''
2022-04-25 22:04:53.661  INFO 25504 --- [    Test worker] o.s.t.web.servlet.TestDispatcherServlet  : Initializing Servlet ''
2022-04-25 22:04:53.668  INFO 25504 --- [    Test worker] o.s.t.web.servlet.TestDispatcherServlet  : Completed initialization in 7 ms
Hibernate: insert into posts (created_date, modified_date, author, content, title) values (?, ?, ?, ?, ?)
Hibernate: select posts0_.id as id1_0_, posts0_.created_date as created_2_0_, posts0_.modified_date as modified3_0_, posts0_.author as author4_0_, posts0_.content as content5_0_, posts0_.title as title6_0_ from posts posts0_
>>>>>> createDate=2022-04-25T22:04:53.692, modifiedDate=2022-04-25T22:04:53.692
Hibernate: select posts0_.id as id1_0_, posts0_.created_date as created_2_0_, posts0_.modified_date as modified3_0_, posts0_.author as author4_0_, posts0_.content as content5_0_, posts0_.title as title6_0_ from posts posts0_
Hibernate: delete from posts where id=?
2022-04-25 22:04:53.767  INFO 25504 --- [    Test worker] o.a.c.c.C.[Tomcat].[localhost].[/]       : Initializing Spring TestDispatcherServlet ''
2022-04-25 22:04:53.768  INFO 25504 --- [    Test worker] o.s.t.web.servlet.TestDispatcherServlet  : Initializing Servlet ''
2022-04-25 22:04:53.773  INFO 25504 --- [    Test worker] o.s.t.web.servlet.TestDispatcherServlet  : Completed initialization in 5 ms
Hibernate: insert into posts (created_date, modified_date, author, content, title) values (?, ?, ?, ?, ?)
Hibernate: select posts0_.id as id1_0_, posts0_.created_date as created_2_0_, posts0_.modified_date as modified3_0_, posts0_.author as author4_0_, posts0_.content as content5_0_, posts0_.title as title6_0_ from posts posts0_
Hibernate: select posts0_.id as id1_0_, posts0_.created_date as created_2_0_, posts0_.modified_date as modified3_0_, posts0_.author as author4_0_, posts0_.content as content5_0_, posts0_.title as title6_0_ from posts posts0_
Hibernate: delete from posts where id=?
2022-04-25 22:04:54.045  INFO 25504 --- [    Test worker] o.a.c.c.C.[Tomcat].[localhost].[/]       : Initializing Spring TestDispatcherServlet ''
2022-04-25 22:04:54.047  INFO 25504 --- [    Test worker] o.s.t.web.servlet.TestDispatcherServlet  : Initializing Servlet ''
2022-04-25 22:04:54.055  INFO 25504 --- [    Test worker] o.s.t.web.servlet.TestDispatcherServlet  : Completed initialization in 6 ms
Hibernate: insert into posts (created_date, modified_date, author, content, title) values (?, ?, ?, ?, ?)
Hibernate: select posts0_.id as id1_0_0_, posts0_.created_date as created_2_0_0_, posts0_.modified_date as modified3_0_0_, posts0_.author as author4_0_0_, posts0_.content as content5_0_0_, posts0_.title as title6_0_0_ from posts posts0_ where posts0_.id=?
Hibernate: update posts set created_date=?, modified_date=?, author=?, content=?, title=? where id=?
Hibernate: select posts0_.id as id1_0_, posts0_.created_date as created_2_0_, posts0_.modified_date as modified3_0_, posts0_.author as author4_0_, posts0_.content as content5_0_, posts0_.title as title6_0_ from posts posts0_
Hibernate: select posts0_.id as id1_0_, posts0_.created_date as created_2_0_, posts0_.modified_date as modified3_0_, posts0_.author as author4_0_, posts0_.content as content5_0_, posts0_.title as title6_0_ from posts posts0_
Hibernate: delete from posts where id=?
]]></system-out>
  <system-err><![CDATA[]]></system-err>
</testsuite>
